# JRE version: Java(TM) SE Runtime Environment (8.0_144-b01) (build 1.8.0_144-b01)
# Java VM: Java HotSpot(TM) 64-Bit Server VM (25.144-b01 mixed mode windows-amd64 compressed oops)
Heap:
 PSYoungGen      total 172544K, used 17415K [0x000000076be00000, 0x000000077b300000, 0x00000007c0000000)
  eden space 157696K, 1% used [0x000000076be00000,0x000000076c083d48,0x0000000775800000)
  from space 14848K, 99% used [0x0000000775800000,0x000000077667e098,0x0000000776680000)
  to   space 16896K, 0% used [0x000000077a280000,0x000000077a280000,0x000000077b300000)
 ParOldGen       total 162304K, used 18525K [0x00000006c3a00000, 0x00000006cd880000, 0x000000076be00000)
  object space 162304K, 11% used [0x00000006c3a00000,0x00000006c4c175a8,0x00000006cd880000)
 Metaspace       used 44602K, capacity 47180K, committed 47272K, reserved 1089536K
  class space    used 5801K, capacity 6284K, committed 6320K, reserved 1048576K
GC Heap History (10 events):
Event: 2.324 GC heap before
{Heap before GC invocations=5 (full 1):
 PSYoungGen      total 75776K, used 65024K [0x000000076be00000, 0x0000000775200000, 0x00000007c0000000)
  eden space 65024K, 100% used [0x000000076be00000,0x000000076fd80000,0x000000076fd80000)
  from space 10752K, 0% used [0x000000076fd80000,0x000000076fd80000,0x0000000770800000)
  to   space 10752K, 0% used [0x0000000774780000,0x0000000774780000,0x0000000775200000)
 ParOldGen       total 100864K, used 8709K [0x00000006c3a00000, 0x00000006c9c80000, 0x000000076be00000)
  object space 100864K, 8% used [0x00000006c3a00000,0x00000006c4281710,0x00000006c9c80000)
 Metaspace       used 22537K, capacity 23754K, committed 23984K, reserved 1071104K
  class space    used 2977K, capacity 3244K, committed 3248K, reserved 1048576K
Event: 2.327 GC heap after
Heap after GC invocations=5 (full 1):
 PSYoungGen      total 108544K, used 6050K [0x000000076be00000, 0x0000000774d80000, 0x00000007c0000000)
  eden space 102400K, 0% used [0x000000076be00000,0x000000076be00000,0x0000000772200000)
  from space 6144K, 98% used [0x0000000774780000,0x0000000774d68b50,0x0000000774d80000)
  to   space 10752K, 0% used [0x0000000773880000,0x0000000773880000,0x0000000774300000)
 ParOldGen       total 100864K, used 8717K [0x00000006c3a00000, 0x00000006c9c80000, 0x000000076be00000)
  object space 100864K, 8% used [0x00000006c3a00000,0x00000006c4283710,0x00000006c9c80000)
 Metaspace       used 22537K, capacity 23754K, committed 23984K, reserved 1071104K
  class space    used 2977K, capacity 3244K, committed 3248K, reserved 1048576K
}
Event: 2.863 GC heap before
{Heap before GC invocations=6 (full 1):
 PSYoungGen      total 108544K, used 108450K [0x000000076be00000, 0x0000000774d80000, 0x00000007c0000000)
  eden space 102400K, 100% used [0x000000076be00000,0x0000000772200000,0x0000000772200000)
  from space 6144K, 98% used [0x0000000774780000,0x0000000774d68b50,0x0000000774d80000)
  to   space 10752K, 0% used [0x0000000773880000,0x0000000773880000,0x0000000774300000)
 ParOldGen       total 100864K, used 8717K [0x00000006c3a00000, 0x00000006c9c80000, 0x000000076be00000)
  object space 100864K, 8% used [0x00000006c3a00000,0x00000006c4283710,0x00000006c9c80000)
 Metaspace       used 29385K, capacity 31194K, committed 31408K, reserved 1077248K
  class space    used 3867K, capacity 4229K, committed 4272K, reserved 1048576K
Event: 2.868 GC heap after
Heap after GC invocations=6 (full 1):
 PSYoungGen      total 136192K, used 10737K [0x000000076be00000, 0x0000000777300000, 0x00000007c0000000)
  eden space 125440K, 0% used [0x000000076be00000,0x000000076be00000,0x0000000773880000)
  from space 10752K, 99% used [0x0000000773880000,0x00000007742fc710,0x0000000774300000)
  to   space 12800K, 0% used [0x0000000776680000,0x0000000776680000,0x0000000777300000)
 ParOldGen       total 100864K, used 9684K [0x00000006c3a00000, 0x00000006c9c80000, 0x000000076be00000)
  object space 100864K, 9% used [0x00000006c3a00000,0x00000006c4375390,0x00000006c9c80000)
 Metaspace       used 29385K, capacity 31194K, committed 31408K, reserved 1077248K
  class space    used 3867K, capacity 4229K, committed 4272K, reserved 1048576K
}
Event: 3.216 GC heap before
{Heap before GC invocations=7 (full 1):
 PSYoungGen      total 136192K, used 78900K [0x000000076be00000, 0x0000000777300000, 0x00000007c0000000)
  eden space 125440K, 54% used [0x000000076be00000,0x0000000770090cc0,0x0000000773880000)
  from space 10752K, 99% used [0x0000000773880000,0x00000007742fc710,0x0000000774300000)
  to   space 12800K, 0% used [0x0000000776680000,0x0000000776680000,0x0000000777300000)
 ParOldGen       total 100864K, used 9684K [0x00000006c3a00000, 0x00000006c9c80000, 0x000000076be00000)
  object space 100864K, 9% used [0x00000006c3a00000,0x00000006c4375390,0x00000006c9c80000)
 Metaspace       used 33213K, capacity 35398K, committed 35496K, reserved 1079296K
  class space    used 4369K, capacity 4763K, committed 4784K, reserved 1048576K
Event: 3.222 GC heap after
Heap after GC invocations=7 (full 1):
 PSYoungGen      total 170496K, used 12780K [0x000000076be00000, 0x0000000779c00000, 0x00000007c0000000)
  eden space 157696K, 0% used [0x000000076be00000,0x000000076be00000,0x0000000775800000)
  from space 12800K, 99% used [0x0000000776680000,0x00000007772fb2e0,0x0000000777300000)
  to   space 14848K, 0% used [0x0000000775800000,0x0000000775800000,0x0000000776680000)
 ParOldGen       total 100864K, used 9970K [0x00000006c3a00000, 0x00000006c9c80000, 0x000000076be00000)
  object space 100864K, 9% used [0x00000006c3a00000,0x00000006c43bc9f8,0x00000006c9c80000)
 Metaspace       used 33213K, capacity 35398K, committed 35496K, reserved 1079296K
  class space    used 4369K, capacity 4763K, committed 4784K, reserved 1048576K
}
Event: 3.222 GC heap before
{Heap before GC invocations=8 (full 2):
 PSYoungGen      total 170496K, used 12780K [0x000000076be00000, 0x0000000779c00000, 0x00000007c0000000)
  eden space 157696K, 0% used [0x000000076be00000,0x000000076be00000,0x0000000775800000)
  from space 12800K, 99% used [0x0000000776680000,0x00000007772fb2e0,0x0000000777300000)
  to   space 14848K, 0% used [0x0000000775800000,0x0000000775800000,0x0000000776680000)
 ParOldGen       total 100864K, used 9970K [0x00000006c3a00000, 0x00000006c9c80000, 0x000000076be00000)
  object space 100864K, 9% used [0x00000006c3a00000,0x00000006c43bc9f8,0x00000006c9c80000)
 Metaspace       used 33213K, capacity 35398K, committed 35496K, reserved 1079296K
  class space    used 4369K, capacity 4763K, committed 4784K, reserved 1048576K
Event: 3.249 GC heap after
Heap after GC invocations=8 (full 2):
 PSYoungGen      total 170496K, used 0K [0x000000076be00000, 0x0000000779c00000, 0x00000007c0000000)
  eden space 157696K, 0% used [0x000000076be00000,0x000000076be00000,0x0000000775800000)
  from space 12800K, 0% used [0x0000000776680000,0x0000000776680000,0x0000000777300000)
  to   space 14848K, 0% used [0x0000000775800000,0x0000000775800000,0x0000000776680000)
 ParOldGen       total 162304K, used 18432K [0x00000006c3a00000, 0x00000006cd880000, 0x000000076be00000)
  object space 162304K, 11% used [0x00000006c3a00000,0x00000006c4c00200,0x00000006cd880000)
 Metaspace       used 33205K, capacity 35386K, committed 35496K, reserved 1079296K
  class space    used 4367K, capacity 4761K, committed 4784K, reserved 1048576K
}
Event: 453.655 GC heap before
{Heap before GC invocations=9 (full 2):
 PSYoungGen      total 170496K, used 157696K [0x000000076be00000, 0x0000000779c00000, 0x00000007c0000000)
  eden space 157696K, 100% used [0x000000076be00000,0x0000000775800000,0x0000000775800000)
  from space 12800K, 0% used [0x0000000776680000,0x0000000776680000,0x0000000777300000)
  to   space 14848K, 0% used [0x0000000775800000,0x0000000775800000,0x0000000776680000)
 ParOldGen       total 162304K, used 18432K [0x00000006c3a00000, 0x00000006cd880000, 0x000000076be00000)
  object space 162304K, 11% used [0x00000006c3a00000,0x00000006c4c00200,0x00000006cd880000)
 Metaspace       used 44602K, capacity 47180K, committed 47272K, reserved 1089536K
  class space    used 5801K, capacity 6284K, committed 6320K, reserved 1048576K
Event: 453.664 GC heap after
Heap after GC invocations=9 (full 2):
 PSYoungGen      total 172544K, used 14840K [0x000000076be00000, 0x000000077b300000, 0x00000007c0000000)
  eden space 157696K, 0% used [0x000000076be00000,0x000000076be00000,0x0000000775800000)
  from space 14848K, 99% used [0x0000000775800000,0x000000077667e098,0x0000000776680000)
  to   space 16896K, 0% used [0x000000077a280000,0x000000077a280000,0x000000077b300000)
 ParOldGen       total 162304K, used 18525K [0x00000006c3a00000, 0x00000006cd880000, 0x000000076be00000)
  object space 162304K, 11% used [0x00000006c3a00000,0x00000006c4c175a8,0x00000006cd880000)
 Metaspace       used 44602K, capacity 47180K, committed 47272K, reserved 1089536K
  class space    used 5801K, capacity 6284K, committed 6320K, reserved 1048576K
}

